<?xml version="1.0" encoding="UTF-8"?>
<testsuite xmlns:xsi="http://www.w3.org/2001/XMLSchema-instance" xsi:noNamespaceSchemaLocation="https://maven.apache.org/surefire/maven-surefire-plugin/xsd/surefire-test-report.xsd" name="com.siteminder.email.utils.EmailValidatorTest" time="0.009" tests="4" errors="0" skipped="0" failures="0">
  <properties>
    <property name="gopherProxySet" value="false"/>
    <property name="awt.toolkit" value="sun.lwawt.macosx.LWCToolkit"/>
    <property name="file.encoding.pkg" value="sun.io"/>
    <property name="java.specification.version" value="1.8"/>
    <property name="sun.cpu.isalist" value=""/>
    <property name="sun.jnu.encoding" value="UTF-8"/>
    <property name="java.class.path" value="/Users/firzhan/Personal/Firzhan/interviews/spring-boot/email-services/target/test-classes:/Users/firzhan/Personal/Firzhan/interviews/spring-boot/email-services/target/classes:/Users/firzhan/.m2/repository/org/springframework/boot/spring-boot-starter-web/2.2.1.RELEASE/spring-boot-starter-web-2.2.1.RELEASE.jar:/Users/firzhan/.m2/repository/org/springframework/boot/spring-boot-starter/2.2.1.RELEASE/spring-boot-starter-2.2.1.RELEASE.jar:/Users/firzhan/.m2/repository/org/springframework/boot/spring-boot/2.2.1.RELEASE/spring-boot-2.2.1.RELEASE.jar:/Users/firzhan/.m2/repository/org/springframework/boot/spring-boot-autoconfigure/2.2.1.RELEASE/spring-boot-autoconfigure-2.2.1.RELEASE.jar:/Users/firzhan/.m2/repository/org/springframework/boot/spring-boot-starter-logging/2.2.1.RELEASE/spring-boot-starter-logging-2.2.1.RELEASE.jar:/Users/firzhan/.m2/repository/ch/qos/logback/logback-classic/1.2.3/logback-classic-1.2.3.jar:/Users/firzhan/.m2/repository/ch/qos/logback/logback-core/1.2.3/logback-core-1.2.3.jar:/Users/firzhan/.m2/repository/org/apache/logging/log4j/log4j-to-slf4j/2.12.1/log4j-to-slf4j-2.12.1.jar:/Users/firzhan/.m2/repository/org/apache/logging/log4j/log4j-api/2.12.1/log4j-api-2.12.1.jar:/Users/firzhan/.m2/repository/org/slf4j/jul-to-slf4j/1.7.29/jul-to-slf4j-1.7.29.jar:/Users/firzhan/.m2/repository/jakarta/annotation/jakarta.annotation-api/1.3.5/jakarta.annotation-api-1.3.5.jar:/Users/firzhan/.m2/repository/org/yaml/snakeyaml/1.25/snakeyaml-1.25.jar:/Users/firzhan/.m2/repository/org/springframework/boot/spring-boot-starter-json/2.2.1.RELEASE/spring-boot-starter-json-2.2.1.RELEASE.jar:/Users/firzhan/.m2/repository/com/fasterxml/jackson/core/jackson-databind/2.10.0/jackson-databind-2.10.0.jar:/Users/firzhan/.m2/repository/com/fasterxml/jackson/datatype/jackson-datatype-jdk8/2.10.0/jackson-datatype-jdk8-2.10.0.jar:/Users/firzhan/.m2/repository/com/fasterxml/jackson/datatype/jackson-datatype-jsr310/2.10.0/jackson-datatype-jsr310-2.10.0.jar:/Users/firzhan/.m2/repository/com/fasterxml/jackson/module/jackson-module-parameter-names/2.10.0/jackson-module-parameter-names-2.10.0.jar:/Users/firzhan/.m2/repository/org/springframework/boot/spring-boot-starter-tomcat/2.2.1.RELEASE/spring-boot-starter-tomcat-2.2.1.RELEASE.jar:/Users/firzhan/.m2/repository/org/apache/tomcat/embed/tomcat-embed-core/9.0.27/tomcat-embed-core-9.0.27.jar:/Users/firzhan/.m2/repository/org/apache/tomcat/embed/tomcat-embed-el/9.0.27/tomcat-embed-el-9.0.27.jar:/Users/firzhan/.m2/repository/org/apache/tomcat/embed/tomcat-embed-websocket/9.0.27/tomcat-embed-websocket-9.0.27.jar:/Users/firzhan/.m2/repository/org/springframework/boot/spring-boot-starter-validation/2.2.1.RELEASE/spring-boot-starter-validation-2.2.1.RELEASE.jar:/Users/firzhan/.m2/repository/jakarta/validation/jakarta.validation-api/2.0.1/jakarta.validation-api-2.0.1.jar:/Users/firzhan/.m2/repository/org/hibernate/validator/hibernate-validator/6.0.18.Final/hibernate-validator-6.0.18.Final.jar:/Users/firzhan/.m2/repository/org/springframework/spring-web/5.2.1.RELEASE/spring-web-5.2.1.RELEASE.jar:/Users/firzhan/.m2/repository/org/springframework/spring-beans/5.2.1.RELEASE/spring-beans-5.2.1.RELEASE.jar:/Users/firzhan/.m2/repository/org/springframework/spring-webmvc/5.2.1.RELEASE/spring-webmvc-5.2.1.RELEASE.jar:/Users/firzhan/.m2/repository/org/springframework/spring-aop/5.2.1.RELEASE/spring-aop-5.2.1.RELEASE.jar:/Users/firzhan/.m2/repository/org/springframework/spring-context/5.2.1.RELEASE/spring-context-5.2.1.RELEASE.jar:/Users/firzhan/.m2/repository/org/springframework/spring-expression/5.2.1.RELEASE/spring-expression-5.2.1.RELEASE.jar:/Users/firzhan/.m2/repository/com/h2database/h2/1.4.200/h2-1.4.200.jar:/Users/firzhan/.m2/repository/org/springframework/boot/spring-boot-configuration-processor/2.2.1.RELEASE/spring-boot-configuration-processor-2.2.1.RELEASE.jar:/Users/firzhan/.m2/repository/org/springframework/cloud/spring-cloud-starter-aws-messaging/2.2.0.RC2/spring-cloud-starter-aws-messaging-2.2.0.RC2.jar:/Users/firzhan/.m2/repository/org/springframework/cloud/spring-cloud-starter-aws/2.2.0.RC2/spring-cloud-starter-aws-2.2.0.RC2.jar:/Users/firzhan/.m2/repository/org/springframework/cloud/spring-cloud-aws-context/2.2.0.RC2/spring-cloud-aws-context-2.2.0.RC2.jar:/Users/firzhan/.m2/repository/org/springframework/cloud/spring-cloud-aws-core/2.2.0.RC2/spring-cloud-aws-core-2.2.0.RC2.jar:/Users/firzhan/.m2/repository/com/amazonaws/aws-java-sdk-s3/1.11.415/aws-java-sdk-s3-1.11.415.jar:/Users/firzhan/.m2/repository/com/amazonaws/aws-java-sdk-kms/1.11.415/aws-java-sdk-kms-1.11.415.jar:/Users/firzhan/.m2/repository/com/amazonaws/aws-java-sdk-ec2/1.11.415/aws-java-sdk-ec2-1.11.415.jar:/Users/firzhan/.m2/repository/com/amazonaws/aws-java-sdk-cloudformation/1.11.415/aws-java-sdk-cloudformation-1.11.415.jar:/Users/firzhan/.m2/repository/org/springframework/cloud/spring-cloud-aws-autoconfigure/2.2.0.RC2/spring-cloud-aws-autoconfigure-2.2.0.RC2.jar:/Users/firzhan/.m2/repository/org/springframework/cloud/spring-cloud-aws-messaging/2.2.0.RC2/spring-cloud-aws-messaging-2.2.0.RC2.jar:/Users/firzhan/.m2/repository/com/amazonaws/aws-java-sdk-sns/1.11.415/aws-java-sdk-sns-1.11.415.jar:/Users/firzhan/.m2/repository/com/amazonaws/aws-java-sdk-core/1.11.415/aws-java-sdk-core-1.11.415.jar:/Users/firzhan/.m2/repository/software/amazon/ion/ion-java/1.0.2/ion-java-1.0.2.jar:/Users/firzhan/.m2/repository/com/fasterxml/jackson/dataformat/jackson-dataformat-cbor/2.10.0/jackson-dataformat-cbor-2.10.0.jar:/Users/firzhan/.m2/repository/joda-time/joda-time/2.10.5/joda-time-2.10.5.jar:/Users/firzhan/.m2/repository/com/amazonaws/jmespath-java/1.11.415/jmespath-java-1.11.415.jar:/Users/firzhan/.m2/repository/com/amazonaws/aws-java-sdk-sqs/1.11.415/aws-java-sdk-sqs-1.11.415.jar:/Users/firzhan/.m2/repository/org/springframework/spring-messaging/5.2.1.RELEASE/spring-messaging-5.2.1.RELEASE.jar:/Users/firzhan/.m2/repository/org/slf4j/slf4j-api/1.7.29/slf4j-api-1.7.29.jar:/Users/firzhan/.m2/repository/com/googlecode/json-simple/json-simple/1.1.1/json-simple-1.1.1.jar:/Users/firzhan/.m2/repository/junit/junit/4.12/junit-4.12.jar:/Users/firzhan/.m2/repository/org/projectlombok/lombok/1.18.10/lombok-1.18.10.jar:/Users/firzhan/.m2/repository/org/springframework/boot/spring-boot-starter-test/2.2.1.RELEASE/spring-boot-starter-test-2.2.1.RELEASE.jar:/Users/firzhan/.m2/repository/org/springframework/boot/spring-boot-test/2.2.1.RELEASE/spring-boot-test-2.2.1.RELEASE.jar:/Users/firzhan/.m2/repository/org/springframework/boot/spring-boot-test-autoconfigure/2.2.1.RELEASE/spring-boot-test-autoconfigure-2.2.1.RELEASE.jar:/Users/firzhan/.m2/repository/com/jayway/jsonpath/json-path/2.4.0/json-path-2.4.0.jar:/Users/firzhan/.m2/repository/net/minidev/json-smart/2.3/json-smart-2.3.jar:/Users/firzhan/.m2/repository/net/minidev/accessors-smart/1.2/accessors-smart-1.2.jar:/Users/firzhan/.m2/repository/jakarta/xml/bind/jakarta.xml.bind-api/2.3.2/jakarta.xml.bind-api-2.3.2.jar:/Users/firzhan/.m2/repository/org/junit/jupiter/junit-jupiter/5.5.2/junit-jupiter-5.5.2.jar:/Users/firzhan/.m2/repository/org/junit/jupiter/junit-jupiter-params/5.5.2/junit-jupiter-params-5.5.2.jar:/Users/firzhan/.m2/repository/org/mockito/mockito-junit-jupiter/3.1.0/mockito-junit-jupiter-3.1.0.jar:/Users/firzhan/.m2/repository/org/assertj/assertj-core/3.13.2/assertj-core-3.13.2.jar:/Users/firzhan/.m2/repository/org/hamcrest/hamcrest/2.1/hamcrest-2.1.jar:/Users/firzhan/.m2/repository/org/mockito/mockito-core/3.1.0/mockito-core-3.1.0.jar:/Users/firzhan/.m2/repository/net/bytebuddy/byte-buddy/1.10.2/byte-buddy-1.10.2.jar:/Users/firzhan/.m2/repository/net/bytebuddy/byte-buddy-agent/1.10.2/byte-buddy-agent-1.10.2.jar:/Users/firzhan/.m2/repository/org/objenesis/objenesis/2.6/objenesis-2.6.jar:/Users/firzhan/.m2/repository/org/skyscreamer/jsonassert/1.5.0/jsonassert-1.5.0.jar:/Users/firzhan/.m2/repository/com/vaadin/external/google/android-json/0.0.20131108.vaadin1/android-json-0.0.20131108.vaadin1.jar:/Users/firzhan/.m2/repository/org/springframework/spring-core/5.2.1.RELEASE/spring-core-5.2.1.RELEASE.jar:/Users/firzhan/.m2/repository/org/springframework/spring-jcl/5.2.1.RELEASE/spring-jcl-5.2.1.RELEASE.jar:/Users/firzhan/.m2/repository/org/springframework/spring-test/5.2.1.RELEASE/spring-test-5.2.1.RELEASE.jar:/Users/firzhan/.m2/repository/org/xmlunit/xmlunit-core/2.6.3/xmlunit-core-2.6.3.jar:/Users/firzhan/.m2/repository/org/springframework/boot/spring-boot-starter-data-jpa/2.2.1.RELEASE/spring-boot-starter-data-jpa-2.2.1.RELEASE.jar:/Users/firzhan/.m2/repository/org/springframework/boot/spring-boot-starter-aop/2.2.1.RELEASE/spring-boot-starter-aop-2.2.1.RELEASE.jar:/Users/firzhan/.m2/repository/org/aspectj/aspectjweaver/1.9.4/aspectjweaver-1.9.4.jar:/Users/firzhan/.m2/repository/org/springframework/boot/spring-boot-starter-jdbc/2.2.1.RELEASE/spring-boot-starter-jdbc-2.2.1.RELEASE.jar:/Users/firzhan/.m2/repository/com/zaxxer/HikariCP/3.4.1/HikariCP-3.4.1.jar:/Users/firzhan/.m2/repository/org/springframework/spring-jdbc/5.2.1.RELEASE/spring-jdbc-5.2.1.RELEASE.jar:/Users/firzhan/.m2/repository/jakarta/activation/jakarta.activation-api/1.2.1/jakarta.activation-api-1.2.1.jar:/Users/firzhan/.m2/repository/jakarta/persistence/jakarta.persistence-api/2.2.3/jakarta.persistence-api-2.2.3.jar:/Users/firzhan/.m2/repository/jakarta/transaction/jakarta.transaction-api/1.3.3/jakarta.transaction-api-1.3.3.jar:/Users/firzhan/.m2/repository/org/hibernate/hibernate-core/5.4.8.Final/hibernate-core-5.4.8.Final.jar:/Users/firzhan/.m2/repository/org/jboss/logging/jboss-logging/3.4.1.Final/jboss-logging-3.4.1.Final.jar:/Users/firzhan/.m2/repository/org/javassist/javassist/3.24.0-GA/javassist-3.24.0-GA.jar:/Users/firzhan/.m2/repository/antlr/antlr/2.7.7/antlr-2.7.7.jar:/Users/firzhan/.m2/repository/org/jboss/jandex/2.0.5.Final/jandex-2.0.5.Final.jar:/Users/firzhan/.m2/repository/org/dom4j/dom4j/2.1.1/dom4j-2.1.1.jar:/Users/firzhan/.m2/repository/org/hibernate/common/hibernate-commons-annotations/5.1.0.Final/hibernate-commons-annotations-5.1.0.Final.jar:/Users/firzhan/.m2/repository/org/glassfish/jaxb/jaxb-runtime/2.3.2/jaxb-runtime-2.3.2.jar:/Users/firzhan/.m2/repository/org/glassfish/jaxb/txw2/2.3.2/txw2-2.3.2.jar:/Users/firzhan/.m2/repository/com/sun/istack/istack-commons-runtime/3.0.8/istack-commons-runtime-3.0.8.jar:/Users/firzhan/.m2/repository/org/jvnet/staxex/stax-ex/1.8.1/stax-ex-1.8.1.jar:/Users/firzhan/.m2/repository/com/sun/xml/fastinfoset/FastInfoset/1.2.16/FastInfoset-1.2.16.jar:/Users/firzhan/.m2/repository/org/springframework/data/spring-data-jpa/2.2.1.RELEASE/spring-data-jpa-2.2.1.RELEASE.jar:/Users/firzhan/.m2/repository/org/springframework/data/spring-data-commons/2.2.1.RELEASE/spring-data-commons-2.2.1.RELEASE.jar:/Users/firzhan/.m2/repository/org/springframework/spring-orm/5.2.1.RELEASE/spring-orm-5.2.1.RELEASE.jar:/Users/firzhan/.m2/repository/org/springframework/spring-tx/5.2.1.RELEASE/spring-tx-5.2.1.RELEASE.jar:/Users/firzhan/.m2/repository/org/springframework/spring-aspects/5.2.1.RELEASE/spring-aspects-5.2.1.RELEASE.jar:/Users/firzhan/.m2/repository/io/github/resilience4j/resilience4j-circuitbreaker/1.1.0/resilience4j-circuitbreaker-1.1.0.jar:/Users/firzhan/.m2/repository/io/vavr/vavr/0.10.0/vavr-0.10.0.jar:/Users/firzhan/.m2/repository/io/vavr/vavr-match/0.10.0/vavr-match-0.10.0.jar:/Users/firzhan/.m2/repository/io/github/resilience4j/resilience4j-core/1.1.0/resilience4j-core-1.1.0.jar:/Users/firzhan/.m2/repository/io/github/resilience4j/resilience4j-retry/1.1.0/resilience4j-retry-1.1.0.jar:/Users/firzhan/.m2/repository/software/amazon/awssdk/sqs/2.10.25/sqs-2.10.25.jar:/Users/firzhan/.m2/repository/software/amazon/awssdk/aws-query-protocol/2.10.25/aws-query-protocol-2.10.25.jar:/Users/firzhan/.m2/repository/software/amazon/awssdk/protocol-core/2.10.25/protocol-core-2.10.25.jar:/Users/firzhan/.m2/repository/software/amazon/awssdk/sdk-core/2.10.25/sdk-core-2.10.25.jar:/Users/firzhan/.m2/repository/software/amazon/awssdk/profiles/2.10.25/profiles-2.10.25.jar:/Users/firzhan/.m2/repository/com/fasterxml/jackson/core/jackson-core/2.10.0/jackson-core-2.10.0.jar:/Users/firzhan/.m2/repository/org/reactivestreams/reactive-streams/1.0.3/reactive-streams-1.0.3.jar:/Users/firzhan/.m2/repository/software/amazon/awssdk/auth/2.10.25/auth-2.10.25.jar:/Users/firzhan/.m2/repository/software/amazon/eventstream/eventstream/1.0.1/eventstream-1.0.1.jar:/Users/firzhan/.m2/repository/software/amazon/awssdk/http-client-spi/2.10.25/http-client-spi-2.10.25.jar:/Users/firzhan/.m2/repository/software/amazon/awssdk/regions/2.10.25/regions-2.10.25.jar:/Users/firzhan/.m2/repository/com/fasterxml/jackson/core/jackson-annotations/2.10.0/jackson-annotations-2.10.0.jar:/Users/firzhan/.m2/repository/software/amazon/awssdk/annotations/2.10.25/annotations-2.10.25.jar:/Users/firzhan/.m2/repository/software/amazon/awssdk/utils/2.10.25/utils-2.10.25.jar:/Users/firzhan/.m2/repository/software/amazon/awssdk/aws-core/2.10.25/aws-core-2.10.25.jar:/Users/firzhan/.m2/repository/software/amazon/awssdk/apache-client/2.10.25/apache-client-2.10.25.jar:/Users/firzhan/.m2/repository/org/apache/httpcomponents/httpcore/4.4.12/httpcore-4.4.12.jar:/Users/firzhan/.m2/repository/software/amazon/awssdk/netty-nio-client/2.10.25/netty-nio-client-2.10.25.jar:/Users/firzhan/.m2/repository/io/netty/netty-codec-http/4.1.43.Final/netty-codec-http-4.1.43.Final.jar:/Users/firzhan/.m2/repository/io/netty/netty-codec-http2/4.1.43.Final/netty-codec-http2-4.1.43.Final.jar:/Users/firzhan/.m2/repository/io/netty/netty-codec/4.1.43.Final/netty-codec-4.1.43.Final.jar:/Users/firzhan/.m2/repository/io/netty/netty-transport/4.1.43.Final/netty-transport-4.1.43.Final.jar:/Users/firzhan/.m2/repository/io/netty/netty-resolver/4.1.43.Final/netty-resolver-4.1.43.Final.jar:/Users/firzhan/.m2/repository/io/netty/netty-common/4.1.43.Final/netty-common-4.1.43.Final.jar:/Users/firzhan/.m2/repository/io/netty/netty-buffer/4.1.43.Final/netty-buffer-4.1.43.Final.jar:/Users/firzhan/.m2/repository/io/netty/netty-handler/4.1.43.Final/netty-handler-4.1.43.Final.jar:/Users/firzhan/.m2/repository/io/netty/netty-transport-native-epoll/4.1.43.Final/netty-transport-native-epoll-4.1.43.Final-linux-x86_64.jar:/Users/firzhan/.m2/repository/io/netty/netty-transport-native-unix-common/4.1.43.Final/netty-transport-native-unix-common-4.1.43.Final.jar:/Users/firzhan/.m2/repository/com/typesafe/netty/netty-reactive-streams-http/2.0.3/netty-reactive-streams-http-2.0.3.jar:/Users/firzhan/.m2/repository/com/typesafe/netty/netty-reactive-streams/2.0.3/netty-reactive-streams-2.0.3.jar:/Users/firzhan/.m2/repository/io/rest-assured/rest-assured/3.3.0/rest-assured-3.3.0.jar:/Users/firzhan/.m2/repository/org/codehaus/groovy/groovy/2.5.8/groovy-2.5.8.jar:/Users/firzhan/.m2/repository/org/codehaus/groovy/groovy-xml/2.5.8/groovy-xml-2.5.8.jar:/Users/firzhan/.m2/repository/org/apache/httpcomponents/httpclient/4.5.10/httpclient-4.5.10.jar:/Users/firzhan/.m2/repository/commons-codec/commons-codec/1.13/commons-codec-1.13.jar:/Users/firzhan/.m2/repository/org/apache/httpcomponents/httpmime/4.5.10/httpmime-4.5.10.jar:/Users/firzhan/.m2/repository/org/hamcrest/hamcrest-core/2.1/hamcrest-core-2.1.jar:/Users/firzhan/.m2/repository/org/hamcrest/hamcrest-library/2.1/hamcrest-library-2.1.jar:/Users/firzhan/.m2/repository/org/ccil/cowan/tagsoup/tagsoup/1.2.1/tagsoup-1.2.1.jar:/Users/firzhan/.m2/repository/io/rest-assured/json-path/3.3.0/json-path-3.3.0.jar:/Users/firzhan/.m2/repository/org/codehaus/groovy/groovy-json/2.5.8/groovy-json-2.5.8.jar:/Users/firzhan/.m2/repository/io/rest-assured/rest-assured-common/3.3.0/rest-assured-common-3.3.0.jar:/Users/firzhan/.m2/repository/io/rest-assured/xml-path/3.3.0/xml-path-3.3.0.jar:/Users/firzhan/.m2/repository/org/apache/commons/commons-lang3/3.9/commons-lang3-3.9.jar:/Users/firzhan/.m2/repository/javax/xml/bind/jaxb-api/2.3.1/jaxb-api-2.3.1.jar:/Users/firzhan/.m2/repository/javax/activation/javax.activation-api/1.2.0/javax.activation-api-1.2.0.jar:/Users/firzhan/.m2/repository/com/sun/xml/bind/jaxb-osgi/2.2.10/jaxb-osgi-2.2.10.jar:/Users/firzhan/.m2/repository/org/apache/sling/org.apache.sling.javax.activation/0.1.0/org.apache.sling.javax.activation-0.1.0.jar:/Users/firzhan/.m2/repository/javax/activation/activation/1.1.1/activation-1.1.1.jar:/Users/firzhan/.m2/repository/io/springfox/springfox-swagger2/2.9.2/springfox-swagger2-2.9.2.jar:/Users/firzhan/.m2/repository/io/swagger/swagger-annotations/1.5.20/swagger-annotations-1.5.20.jar:/Users/firzhan/.m2/repository/io/swagger/swagger-models/1.5.20/swagger-models-1.5.20.jar:/Users/firzhan/.m2/repository/io/springfox/springfox-spi/2.9.2/springfox-spi-2.9.2.jar:/Users/firzhan/.m2/repository/io/springfox/springfox-core/2.9.2/springfox-core-2.9.2.jar:/Users/firzhan/.m2/repository/io/springfox/springfox-schema/2.9.2/springfox-schema-2.9.2.jar:/Users/firzhan/.m2/repository/io/springfox/springfox-swagger-common/2.9.2/springfox-swagger-common-2.9.2.jar:/Users/firzhan/.m2/repository/io/springfox/springfox-spring-web/2.9.2/springfox-spring-web-2.9.2.jar:/Users/firzhan/.m2/repository/com/google/guava/guava/20.0/guava-20.0.jar:/Users/firzhan/.m2/repository/com/fasterxml/classmate/1.5.1/classmate-1.5.1.jar:/Users/firzhan/.m2/repository/org/springframework/plugin/spring-plugin-core/1.2.0.RELEASE/spring-plugin-core-1.2.0.RELEASE.jar:/Users/firzhan/.m2/repository/org/springframework/plugin/spring-plugin-metadata/1.2.0.RELEASE/spring-plugin-metadata-1.2.0.RELEASE.jar:/Users/firzhan/.m2/repository/org/mapstruct/mapstruct/1.2.0.Final/mapstruct-1.2.0.Final.jar:/Users/firzhan/.m2/repository/io/springfox/springfox-swagger-ui/2.9.2/springfox-swagger-ui-2.9.2.jar:/Users/firzhan/.m2/repository/org/apache/maven/plugins/maven-failsafe-plugin/2.22.1/maven-failsafe-plugin-2.22.1.jar:/Users/firzhan/.m2/repository/org/apache/maven/surefire/maven-surefire-common/2.22.1/maven-surefire-common-2.22.1.jar:/Users/firzhan/.m2/repository/org/apache/maven/maven-plugin-api/2.2.1/maven-plugin-api-2.2.1.jar:/Users/firzhan/.m2/repository/org/apache/maven/plugin-tools/maven-plugin-annotations/3.5.2/maven-plugin-annotations-3.5.2.jar:/Users/firzhan/.m2/repository/org/apache/maven/surefire/surefire-api/2.22.1/surefire-api-2.22.1.jar:/Users/firzhan/.m2/repository/org/apache/maven/surefire/surefire-logger-api/2.22.1/surefire-logger-api-2.22.1.jar:/Users/firzhan/.m2/repository/org/apache/maven/surefire/surefire-booter/2.22.1/surefire-booter-2.22.1.jar:/Users/firzhan/.m2/repository/org/apache/maven/maven-artifact/2.2.1/maven-artifact-2.2.1.jar:/Users/firzhan/.m2/repository/org/codehaus/plexus/plexus-utils/1.5.15/plexus-utils-1.5.15.jar:/Users/firzhan/.m2/repository/org/apache/maven/maven-plugin-descriptor/2.2.1/maven-plugin-descriptor-2.2.1.jar:/Users/firzhan/.m2/repository/org/codehaus/plexus/plexus-container-default/1.0-alpha-9-stable-1/plexus-container-default-1.0-alpha-9-stable-1.jar:/Users/firzhan/.m2/repository/org/apache/maven/maven-project/2.2.1/maven-project-2.2.1.jar:/Users/firzhan/.m2/repository/org/apache/maven/maven-settings/2.2.1/maven-settings-2.2.1.jar:/Users/firzhan/.m2/repository/org/apache/maven/maven-profile/2.2.1/maven-profile-2.2.1.jar:/Users/firzhan/.m2/repository/org/apache/maven/maven-artifact-manager/2.2.1/maven-artifact-manager-2.2.1.jar:/Users/firzhan/.m2/repository/backport-util-concurrent/backport-util-concurrent/3.1/backport-util-concurrent-3.1.jar:/Users/firzhan/.m2/repository/org/apache/maven/maven-plugin-registry/2.2.1/maven-plugin-registry-2.2.1.jar:/Users/firzhan/.m2/repository/org/codehaus/plexus/plexus-interpolation/1.11/plexus-interpolation-1.11.jar:/Users/firzhan/.m2/repository/org/apache/maven/maven-model/2.2.1/maven-model-2.2.1.jar:/Users/firzhan/.m2/repository/org/apache/maven/maven-core/2.2.1/maven-core-2.2.1.jar:/Users/firzhan/.m2/repository/org/apache/maven/maven-plugin-parameter-documenter/2.2.1/maven-plugin-parameter-documenter-2.2.1.jar:/Users/firzhan/.m2/repository/org/apache/maven/wagon/wagon-http/1.0-beta-6/wagon-http-1.0-beta-6.jar:/Users/firzhan/.m2/repository/org/apache/maven/wagon/wagon-http-shared/1.0-beta-6/wagon-http-shared-1.0-beta-6.jar:/Users/firzhan/.m2/repository/nekohtml/xercesMinimal/1.9.6.2/xercesMinimal-1.9.6.2.jar:/Users/firzhan/.m2/repository/nekohtml/nekohtml/1.9.6.2/nekohtml-1.9.6.2.jar:/Users/firzhan/.m2/repository/commons-httpclient/commons-httpclient/3.1/commons-httpclient-3.1.jar:/Users/firzhan/.m2/repository/org/apache/maven/wagon/wagon-webdav-jackrabbit/1.0-beta-6/wagon-webdav-jackrabbit-1.0-beta-6.jar:/Users/firzhan/.m2/repository/org/apache/jackrabbit/jackrabbit-webdav/1.5.0/jackrabbit-webdav-1.5.0.jar:/Users/firzhan/.m2/repository/org/apache/jackrabbit/jackrabbit-jcr-commons/1.5.0/jackrabbit-jcr-commons-1.5.0.jar:/Users/firzhan/.m2/repository/org/slf4j/slf4j-nop/1.7.29/slf4j-nop-1.7.29.jar:/Users/firzhan/.m2/repository/org/slf4j/slf4j-jdk14/1.7.29/slf4j-jdk14-1.7.29.jar:/Users/firzhan/.m2/repository/org/slf4j/jcl-over-slf4j/1.7.29/jcl-over-slf4j-1.7.29.jar:/Users/firzhan/.m2/repository/org/apache/maven/reporting/maven-reporting-api/2.2.1/maven-reporting-api-2.2.1.jar:/Users/firzhan/.m2/repository/org/apache/maven/doxia/doxia-logging-api/1.1/doxia-logging-api-1.1.jar:/Users/firzhan/.m2/repository/org/apache/maven/wagon/wagon-provider-api/1.0-beta-6/wagon-provider-api-1.0-beta-6.jar:/Users/firzhan/.m2/repository/org/apache/maven/maven-repository-metadata/2.2.1/maven-repository-metadata-2.2.1.jar:/Users/firzhan/.m2/repository/org/apache/maven/maven-error-diagnostics/2.2.1/maven-error-diagnostics-2.2.1.jar:/Users/firzhan/.m2/repository/org/apache/maven/maven-monitor/2.2.1/maven-monitor-2.2.1.jar:/Users/firzhan/.m2/repository/classworlds/classworlds/1.1/classworlds-1.1.jar:/Users/firzhan/.m2/repository/org/sonatype/plexus/plexus-sec-dispatcher/1.3/plexus-sec-dispatcher-1.3.jar:/Users/firzhan/.m2/repository/org/sonatype/plexus/plexus-cipher/1.4/plexus-cipher-1.4.jar:/Users/firzhan/.m2/repository/org/apache/maven/maven-toolchain/2.2.1/maven-toolchain-2.2.1.jar:/Users/firzhan/.m2/repository/org/codehaus/plexus/plexus-java/0.9.10/plexus-java-0.9.10.jar:/Users/firzhan/.m2/repository/org/ow2/asm/asm/6.2/asm-6.2.jar:/Users/firzhan/.m2/repository/com/thoughtworks/qdox/qdox/2.0-M8/qdox-2.0-M8.jar:/Users/firzhan/.m2/repository/org/junit/jupiter/junit-jupiter-api/5.2.0/junit-jupiter-api-5.2.0.jar:/Users/firzhan/.m2/repository/org/apiguardian/apiguardian-api/1.0.0/apiguardian-api-1.0.0.jar:/Users/firzhan/.m2/repository/org/opentest4j/opentest4j/1.1.0/opentest4j-1.1.0.jar:/Users/firzhan/.m2/repository/org/junit/platform/junit-platform-commons/1.5.2/junit-platform-commons-1.5.2.jar:/Users/firzhan/.m2/repository/org/junit/jupiter/junit-jupiter-engine/5.2.0/junit-jupiter-engine-5.2.0.jar:/Users/firzhan/.m2/repository/org/junit/platform/junit-platform-engine/1.5.2/junit-platform-engine-1.5.2.jar:"/>
    <property name="java.vm.vendor" value="Oracle Corporation"/>
    <property name="sun.arch.data.model" value="64"/>
    <property name="java.vendor.url" value="http://java.oracle.com/"/>
    <property name="user.timezone" value=""/>
    <property name="user.country.format" value="LK"/>
    <property name="java.vm.specification.version" value="1.8"/>
    <property name="os.name" value="Mac OS X"/>
    <property name="user.country" value="US"/>
    <property name="sun.java.launcher" value="SUN_STANDARD"/>
    <property name="sun.boot.library.path" value="/Library/Java/JavaVirtualMachines/jdk1.8.0_74.jdk/Contents/Home/jre/lib"/>
    <property name="sun.java.command" value="/Users/firzhan/Personal/Firzhan/interviews/spring-boot/email-services/target/surefire/surefirebooter4096540772149082871.jar /Users/firzhan/Personal/Firzhan/interviews/spring-boot/email-services/target/surefire 2019-12-02T01-59-23_278-jvmRun1 surefire6860034783724980697tmp surefire_01397727487193502765tmp"/>
    <property name="http.nonProxyHosts" value="local|*.local|169.254/16|*.169.254/16"/>
    <property name="surefire.test.class.path" value="/Users/firzhan/Personal/Firzhan/interviews/spring-boot/email-services/target/test-classes:/Users/firzhan/Personal/Firzhan/interviews/spring-boot/email-services/target/classes:/Users/firzhan/.m2/repository/org/springframework/boot/spring-boot-starter-web/2.2.1.RELEASE/spring-boot-starter-web-2.2.1.RELEASE.jar:/Users/firzhan/.m2/repository/org/springframework/boot/spring-boot-starter/2.2.1.RELEASE/spring-boot-starter-2.2.1.RELEASE.jar:/Users/firzhan/.m2/repository/org/springframework/boot/spring-boot/2.2.1.RELEASE/spring-boot-2.2.1.RELEASE.jar:/Users/firzhan/.m2/repository/org/springframework/boot/spring-boot-autoconfigure/2.2.1.RELEASE/spring-boot-autoconfigure-2.2.1.RELEASE.jar:/Users/firzhan/.m2/repository/org/springframework/boot/spring-boot-starter-logging/2.2.1.RELEASE/spring-boot-starter-logging-2.2.1.RELEASE.jar:/Users/firzhan/.m2/repository/ch/qos/logback/logback-classic/1.2.3/logback-classic-1.2.3.jar:/Users/firzhan/.m2/repository/ch/qos/logback/logback-core/1.2.3/logback-core-1.2.3.jar:/Users/firzhan/.m2/repository/org/apache/logging/log4j/log4j-to-slf4j/2.12.1/log4j-to-slf4j-2.12.1.jar:/Users/firzhan/.m2/repository/org/apache/logging/log4j/log4j-api/2.12.1/log4j-api-2.12.1.jar:/Users/firzhan/.m2/repository/org/slf4j/jul-to-slf4j/1.7.29/jul-to-slf4j-1.7.29.jar:/Users/firzhan/.m2/repository/jakarta/annotation/jakarta.annotation-api/1.3.5/jakarta.annotation-api-1.3.5.jar:/Users/firzhan/.m2/repository/org/yaml/snakeyaml/1.25/snakeyaml-1.25.jar:/Users/firzhan/.m2/repository/org/springframework/boot/spring-boot-starter-json/2.2.1.RELEASE/spring-boot-starter-json-2.2.1.RELEASE.jar:/Users/firzhan/.m2/repository/com/fasterxml/jackson/core/jackson-databind/2.10.0/jackson-databind-2.10.0.jar:/Users/firzhan/.m2/repository/com/fasterxml/jackson/datatype/jackson-datatype-jdk8/2.10.0/jackson-datatype-jdk8-2.10.0.jar:/Users/firzhan/.m2/repository/com/fasterxml/jackson/datatype/jackson-datatype-jsr310/2.10.0/jackson-datatype-jsr310-2.10.0.jar:/Users/firzhan/.m2/repository/com/fasterxml/jackson/module/jackson-module-parameter-names/2.10.0/jackson-module-parameter-names-2.10.0.jar:/Users/firzhan/.m2/repository/org/springframework/boot/spring-boot-starter-tomcat/2.2.1.RELEASE/spring-boot-starter-tomcat-2.2.1.RELEASE.jar:/Users/firzhan/.m2/repository/org/apache/tomcat/embed/tomcat-embed-core/9.0.27/tomcat-embed-core-9.0.27.jar:/Users/firzhan/.m2/repository/org/apache/tomcat/embed/tomcat-embed-el/9.0.27/tomcat-embed-el-9.0.27.jar:/Users/firzhan/.m2/repository/org/apache/tomcat/embed/tomcat-embed-websocket/9.0.27/tomcat-embed-websocket-9.0.27.jar:/Users/firzhan/.m2/repository/org/springframework/boot/spring-boot-starter-validation/2.2.1.RELEASE/spring-boot-starter-validation-2.2.1.RELEASE.jar:/Users/firzhan/.m2/repository/jakarta/validation/jakarta.validation-api/2.0.1/jakarta.validation-api-2.0.1.jar:/Users/firzhan/.m2/repository/org/hibernate/validator/hibernate-validator/6.0.18.Final/hibernate-validator-6.0.18.Final.jar:/Users/firzhan/.m2/repository/org/springframework/spring-web/5.2.1.RELEASE/spring-web-5.2.1.RELEASE.jar:/Users/firzhan/.m2/repository/org/springframework/spring-beans/5.2.1.RELEASE/spring-beans-5.2.1.RELEASE.jar:/Users/firzhan/.m2/repository/org/springframework/spring-webmvc/5.2.1.RELEASE/spring-webmvc-5.2.1.RELEASE.jar:/Users/firzhan/.m2/repository/org/springframework/spring-aop/5.2.1.RELEASE/spring-aop-5.2.1.RELEASE.jar:/Users/firzhan/.m2/repository/org/springframework/spring-context/5.2.1.RELEASE/spring-context-5.2.1.RELEASE.jar:/Users/firzhan/.m2/repository/org/springframework/spring-expression/5.2.1.RELEASE/spring-expression-5.2.1.RELEASE.jar:/Users/firzhan/.m2/repository/com/h2database/h2/1.4.200/h2-1.4.200.jar:/Users/firzhan/.m2/repository/org/springframework/boot/spring-boot-configuration-processor/2.2.1.RELEASE/spring-boot-configuration-processor-2.2.1.RELEASE.jar:/Users/firzhan/.m2/repository/org/springframework/cloud/spring-cloud-starter-aws-messaging/2.2.0.RC2/spring-cloud-starter-aws-messaging-2.2.0.RC2.jar:/Users/firzhan/.m2/repository/org/springframework/cloud/spring-cloud-starter-aws/2.2.0.RC2/spring-cloud-starter-aws-2.2.0.RC2.jar:/Users/firzhan/.m2/repository/org/springframework/cloud/spring-cloud-aws-context/2.2.0.RC2/spring-cloud-aws-context-2.2.0.RC2.jar:/Users/firzhan/.m2/repository/org/springframework/cloud/spring-cloud-aws-core/2.2.0.RC2/spring-cloud-aws-core-2.2.0.RC2.jar:/Users/firzhan/.m2/repository/com/amazonaws/aws-java-sdk-s3/1.11.415/aws-java-sdk-s3-1.11.415.jar:/Users/firzhan/.m2/repository/com/amazonaws/aws-java-sdk-kms/1.11.415/aws-java-sdk-kms-1.11.415.jar:/Users/firzhan/.m2/repository/com/amazonaws/aws-java-sdk-ec2/1.11.415/aws-java-sdk-ec2-1.11.415.jar:/Users/firzhan/.m2/repository/com/amazonaws/aws-java-sdk-cloudformation/1.11.415/aws-java-sdk-cloudformation-1.11.415.jar:/Users/firzhan/.m2/repository/org/springframework/cloud/spring-cloud-aws-autoconfigure/2.2.0.RC2/spring-cloud-aws-autoconfigure-2.2.0.RC2.jar:/Users/firzhan/.m2/repository/org/springframework/cloud/spring-cloud-aws-messaging/2.2.0.RC2/spring-cloud-aws-messaging-2.2.0.RC2.jar:/Users/firzhan/.m2/repository/com/amazonaws/aws-java-sdk-sns/1.11.415/aws-java-sdk-sns-1.11.415.jar:/Users/firzhan/.m2/repository/com/amazonaws/aws-java-sdk-core/1.11.415/aws-java-sdk-core-1.11.415.jar:/Users/firzhan/.m2/repository/software/amazon/ion/ion-java/1.0.2/ion-java-1.0.2.jar:/Users/firzhan/.m2/repository/com/fasterxml/jackson/dataformat/jackson-dataformat-cbor/2.10.0/jackson-dataformat-cbor-2.10.0.jar:/Users/firzhan/.m2/repository/joda-time/joda-time/2.10.5/joda-time-2.10.5.jar:/Users/firzhan/.m2/repository/com/amazonaws/jmespath-java/1.11.415/jmespath-java-1.11.415.jar:/Users/firzhan/.m2/repository/com/amazonaws/aws-java-sdk-sqs/1.11.415/aws-java-sdk-sqs-1.11.415.jar:/Users/firzhan/.m2/repository/org/springframework/spring-messaging/5.2.1.RELEASE/spring-messaging-5.2.1.RELEASE.jar:/Users/firzhan/.m2/repository/org/slf4j/slf4j-api/1.7.29/slf4j-api-1.7.29.jar:/Users/firzhan/.m2/repository/com/googlecode/json-simple/json-simple/1.1.1/json-simple-1.1.1.jar:/Users/firzhan/.m2/repository/junit/junit/4.12/junit-4.12.jar:/Users/firzhan/.m2/repository/org/projectlombok/lombok/1.18.10/lombok-1.18.10.jar:/Users/firzhan/.m2/repository/org/springframework/boot/spring-boot-starter-test/2.2.1.RELEASE/spring-boot-starter-test-2.2.1.RELEASE.jar:/Users/firzhan/.m2/repository/org/springframework/boot/spring-boot-test/2.2.1.RELEASE/spring-boot-test-2.2.1.RELEASE.jar:/Users/firzhan/.m2/repository/org/springframework/boot/spring-boot-test-autoconfigure/2.2.1.RELEASE/spring-boot-test-autoconfigure-2.2.1.RELEASE.jar:/Users/firzhan/.m2/repository/com/jayway/jsonpath/json-path/2.4.0/json-path-2.4.0.jar:/Users/firzhan/.m2/repository/net/minidev/json-smart/2.3/json-smart-2.3.jar:/Users/firzhan/.m2/repository/net/minidev/accessors-smart/1.2/accessors-smart-1.2.jar:/Users/firzhan/.m2/repository/jakarta/xml/bind/jakarta.xml.bind-api/2.3.2/jakarta.xml.bind-api-2.3.2.jar:/Users/firzhan/.m2/repository/org/junit/jupiter/junit-jupiter/5.5.2/junit-jupiter-5.5.2.jar:/Users/firzhan/.m2/repository/org/junit/jupiter/junit-jupiter-params/5.5.2/junit-jupiter-params-5.5.2.jar:/Users/firzhan/.m2/repository/org/mockito/mockito-junit-jupiter/3.1.0/mockito-junit-jupiter-3.1.0.jar:/Users/firzhan/.m2/repository/org/assertj/assertj-core/3.13.2/assertj-core-3.13.2.jar:/Users/firzhan/.m2/repository/org/hamcrest/hamcrest/2.1/hamcrest-2.1.jar:/Users/firzhan/.m2/repository/org/mockito/mockito-core/3.1.0/mockito-core-3.1.0.jar:/Users/firzhan/.m2/repository/net/bytebuddy/byte-buddy/1.10.2/byte-buddy-1.10.2.jar:/Users/firzhan/.m2/repository/net/bytebuddy/byte-buddy-agent/1.10.2/byte-buddy-agent-1.10.2.jar:/Users/firzhan/.m2/repository/org/objenesis/objenesis/2.6/objenesis-2.6.jar:/Users/firzhan/.m2/repository/org/skyscreamer/jsonassert/1.5.0/jsonassert-1.5.0.jar:/Users/firzhan/.m2/repository/com/vaadin/external/google/android-json/0.0.20131108.vaadin1/android-json-0.0.20131108.vaadin1.jar:/Users/firzhan/.m2/repository/org/springframework/spring-core/5.2.1.RELEASE/spring-core-5.2.1.RELEASE.jar:/Users/firzhan/.m2/repository/org/springframework/spring-jcl/5.2.1.RELEASE/spring-jcl-5.2.1.RELEASE.jar:/Users/firzhan/.m2/repository/org/springframework/spring-test/5.2.1.RELEASE/spring-test-5.2.1.RELEASE.jar:/Users/firzhan/.m2/repository/org/xmlunit/xmlunit-core/2.6.3/xmlunit-core-2.6.3.jar:/Users/firzhan/.m2/repository/org/springframework/boot/spring-boot-starter-data-jpa/2.2.1.RELEASE/spring-boot-starter-data-jpa-2.2.1.RELEASE.jar:/Users/firzhan/.m2/repository/org/springframework/boot/spring-boot-starter-aop/2.2.1.RELEASE/spring-boot-starter-aop-2.2.1.RELEASE.jar:/Users/firzhan/.m2/repository/org/aspectj/aspectjweaver/1.9.4/aspectjweaver-1.9.4.jar:/Users/firzhan/.m2/repository/org/springframework/boot/spring-boot-starter-jdbc/2.2.1.RELEASE/spring-boot-starter-jdbc-2.2.1.RELEASE.jar:/Users/firzhan/.m2/repository/com/zaxxer/HikariCP/3.4.1/HikariCP-3.4.1.jar:/Users/firzhan/.m2/repository/org/springframework/spring-jdbc/5.2.1.RELEASE/spring-jdbc-5.2.1.RELEASE.jar:/Users/firzhan/.m2/repository/jakarta/activation/jakarta.activation-api/1.2.1/jakarta.activation-api-1.2.1.jar:/Users/firzhan/.m2/repository/jakarta/persistence/jakarta.persistence-api/2.2.3/jakarta.persistence-api-2.2.3.jar:/Users/firzhan/.m2/repository/jakarta/transaction/jakarta.transaction-api/1.3.3/jakarta.transaction-api-1.3.3.jar:/Users/firzhan/.m2/repository/org/hibernate/hibernate-core/5.4.8.Final/hibernate-core-5.4.8.Final.jar:/Users/firzhan/.m2/repository/org/jboss/logging/jboss-logging/3.4.1.Final/jboss-logging-3.4.1.Final.jar:/Users/firzhan/.m2/repository/org/javassist/javassist/3.24.0-GA/javassist-3.24.0-GA.jar:/Users/firzhan/.m2/repository/antlr/antlr/2.7.7/antlr-2.7.7.jar:/Users/firzhan/.m2/repository/org/jboss/jandex/2.0.5.Final/jandex-2.0.5.Final.jar:/Users/firzhan/.m2/repository/org/dom4j/dom4j/2.1.1/dom4j-2.1.1.jar:/Users/firzhan/.m2/repository/org/hibernate/common/hibernate-commons-annotations/5.1.0.Final/hibernate-commons-annotations-5.1.0.Final.jar:/Users/firzhan/.m2/repository/org/glassfish/jaxb/jaxb-runtime/2.3.2/jaxb-runtime-2.3.2.jar:/Users/firzhan/.m2/repository/org/glassfish/jaxb/txw2/2.3.2/txw2-2.3.2.jar:/Users/firzhan/.m2/repository/com/sun/istack/istack-commons-runtime/3.0.8/istack-commons-runtime-3.0.8.jar:/Users/firzhan/.m2/repository/org/jvnet/staxex/stax-ex/1.8.1/stax-ex-1.8.1.jar:/Users/firzhan/.m2/repository/com/sun/xml/fastinfoset/FastInfoset/1.2.16/FastInfoset-1.2.16.jar:/Users/firzhan/.m2/repository/org/springframework/data/spring-data-jpa/2.2.1.RELEASE/spring-data-jpa-2.2.1.RELEASE.jar:/Users/firzhan/.m2/repository/org/springframework/data/spring-data-commons/2.2.1.RELEASE/spring-data-commons-2.2.1.RELEASE.jar:/Users/firzhan/.m2/repository/org/springframework/spring-orm/5.2.1.RELEASE/spring-orm-5.2.1.RELEASE.jar:/Users/firzhan/.m2/repository/org/springframework/spring-tx/5.2.1.RELEASE/spring-tx-5.2.1.RELEASE.jar:/Users/firzhan/.m2/repository/org/springframework/spring-aspects/5.2.1.RELEASE/spring-aspects-5.2.1.RELEASE.jar:/Users/firzhan/.m2/repository/io/github/resilience4j/resilience4j-circuitbreaker/1.1.0/resilience4j-circuitbreaker-1.1.0.jar:/Users/firzhan/.m2/repository/io/vavr/vavr/0.10.0/vavr-0.10.0.jar:/Users/firzhan/.m2/repository/io/vavr/vavr-match/0.10.0/vavr-match-0.10.0.jar:/Users/firzhan/.m2/repository/io/github/resilience4j/resilience4j-core/1.1.0/resilience4j-core-1.1.0.jar:/Users/firzhan/.m2/repository/io/github/resilience4j/resilience4j-retry/1.1.0/resilience4j-retry-1.1.0.jar:/Users/firzhan/.m2/repository/software/amazon/awssdk/sqs/2.10.25/sqs-2.10.25.jar:/Users/firzhan/.m2/repository/software/amazon/awssdk/aws-query-protocol/2.10.25/aws-query-protocol-2.10.25.jar:/Users/firzhan/.m2/repository/software/amazon/awssdk/protocol-core/2.10.25/protocol-core-2.10.25.jar:/Users/firzhan/.m2/repository/software/amazon/awssdk/sdk-core/2.10.25/sdk-core-2.10.25.jar:/Users/firzhan/.m2/repository/software/amazon/awssdk/profiles/2.10.25/profiles-2.10.25.jar:/Users/firzhan/.m2/repository/com/fasterxml/jackson/core/jackson-core/2.10.0/jackson-core-2.10.0.jar:/Users/firzhan/.m2/repository/org/reactivestreams/reactive-streams/1.0.3/reactive-streams-1.0.3.jar:/Users/firzhan/.m2/repository/software/amazon/awssdk/auth/2.10.25/auth-2.10.25.jar:/Users/firzhan/.m2/repository/software/amazon/eventstream/eventstream/1.0.1/eventstream-1.0.1.jar:/Users/firzhan/.m2/repository/software/amazon/awssdk/http-client-spi/2.10.25/http-client-spi-2.10.25.jar:/Users/firzhan/.m2/repository/software/amazon/awssdk/regions/2.10.25/regions-2.10.25.jar:/Users/firzhan/.m2/repository/com/fasterxml/jackson/core/jackson-annotations/2.10.0/jackson-annotations-2.10.0.jar:/Users/firzhan/.m2/repository/software/amazon/awssdk/annotations/2.10.25/annotations-2.10.25.jar:/Users/firzhan/.m2/repository/software/amazon/awssdk/utils/2.10.25/utils-2.10.25.jar:/Users/firzhan/.m2/repository/software/amazon/awssdk/aws-core/2.10.25/aws-core-2.10.25.jar:/Users/firzhan/.m2/repository/software/amazon/awssdk/apache-client/2.10.25/apache-client-2.10.25.jar:/Users/firzhan/.m2/repository/org/apache/httpcomponents/httpcore/4.4.12/httpcore-4.4.12.jar:/Users/firzhan/.m2/repository/software/amazon/awssdk/netty-nio-client/2.10.25/netty-nio-client-2.10.25.jar:/Users/firzhan/.m2/repository/io/netty/netty-codec-http/4.1.43.Final/netty-codec-http-4.1.43.Final.jar:/Users/firzhan/.m2/repository/io/netty/netty-codec-http2/4.1.43.Final/netty-codec-http2-4.1.43.Final.jar:/Users/firzhan/.m2/repository/io/netty/netty-codec/4.1.43.Final/netty-codec-4.1.43.Final.jar:/Users/firzhan/.m2/repository/io/netty/netty-transport/4.1.43.Final/netty-transport-4.1.43.Final.jar:/Users/firzhan/.m2/repository/io/netty/netty-resolver/4.1.43.Final/netty-resolver-4.1.43.Final.jar:/Users/firzhan/.m2/repository/io/netty/netty-common/4.1.43.Final/netty-common-4.1.43.Final.jar:/Users/firzhan/.m2/repository/io/netty/netty-buffer/4.1.43.Final/netty-buffer-4.1.43.Final.jar:/Users/firzhan/.m2/repository/io/netty/netty-handler/4.1.43.Final/netty-handler-4.1.43.Final.jar:/Users/firzhan/.m2/repository/io/netty/netty-transport-native-epoll/4.1.43.Final/netty-transport-native-epoll-4.1.43.Final-linux-x86_64.jar:/Users/firzhan/.m2/repository/io/netty/netty-transport-native-unix-common/4.1.43.Final/netty-transport-native-unix-common-4.1.43.Final.jar:/Users/firzhan/.m2/repository/com/typesafe/netty/netty-reactive-streams-http/2.0.3/netty-reactive-streams-http-2.0.3.jar:/Users/firzhan/.m2/repository/com/typesafe/netty/netty-reactive-streams/2.0.3/netty-reactive-streams-2.0.3.jar:/Users/firzhan/.m2/repository/io/rest-assured/rest-assured/3.3.0/rest-assured-3.3.0.jar:/Users/firzhan/.m2/repository/org/codehaus/groovy/groovy/2.5.8/groovy-2.5.8.jar:/Users/firzhan/.m2/repository/org/codehaus/groovy/groovy-xml/2.5.8/groovy-xml-2.5.8.jar:/Users/firzhan/.m2/repository/org/apache/httpcomponents/httpclient/4.5.10/httpclient-4.5.10.jar:/Users/firzhan/.m2/repository/commons-codec/commons-codec/1.13/commons-codec-1.13.jar:/Users/firzhan/.m2/repository/org/apache/httpcomponents/httpmime/4.5.10/httpmime-4.5.10.jar:/Users/firzhan/.m2/repository/org/hamcrest/hamcrest-core/2.1/hamcrest-core-2.1.jar:/Users/firzhan/.m2/repository/org/hamcrest/hamcrest-library/2.1/hamcrest-library-2.1.jar:/Users/firzhan/.m2/repository/org/ccil/cowan/tagsoup/tagsoup/1.2.1/tagsoup-1.2.1.jar:/Users/firzhan/.m2/repository/io/rest-assured/json-path/3.3.0/json-path-3.3.0.jar:/Users/firzhan/.m2/repository/org/codehaus/groovy/groovy-json/2.5.8/groovy-json-2.5.8.jar:/Users/firzhan/.m2/repository/io/rest-assured/rest-assured-common/3.3.0/rest-assured-common-3.3.0.jar:/Users/firzhan/.m2/repository/io/rest-assured/xml-path/3.3.0/xml-path-3.3.0.jar:/Users/firzhan/.m2/repository/org/apache/commons/commons-lang3/3.9/commons-lang3-3.9.jar:/Users/firzhan/.m2/repository/javax/xml/bind/jaxb-api/2.3.1/jaxb-api-2.3.1.jar:/Users/firzhan/.m2/repository/javax/activation/javax.activation-api/1.2.0/javax.activation-api-1.2.0.jar:/Users/firzhan/.m2/repository/com/sun/xml/bind/jaxb-osgi/2.2.10/jaxb-osgi-2.2.10.jar:/Users/firzhan/.m2/repository/org/apache/sling/org.apache.sling.javax.activation/0.1.0/org.apache.sling.javax.activation-0.1.0.jar:/Users/firzhan/.m2/repository/javax/activation/activation/1.1.1/activation-1.1.1.jar:/Users/firzhan/.m2/repository/io/springfox/springfox-swagger2/2.9.2/springfox-swagger2-2.9.2.jar:/Users/firzhan/.m2/repository/io/swagger/swagger-annotations/1.5.20/swagger-annotations-1.5.20.jar:/Users/firzhan/.m2/repository/io/swagger/swagger-models/1.5.20/swagger-models-1.5.20.jar:/Users/firzhan/.m2/repository/io/springfox/springfox-spi/2.9.2/springfox-spi-2.9.2.jar:/Users/firzhan/.m2/repository/io/springfox/springfox-core/2.9.2/springfox-core-2.9.2.jar:/Users/firzhan/.m2/repository/io/springfox/springfox-schema/2.9.2/springfox-schema-2.9.2.jar:/Users/firzhan/.m2/repository/io/springfox/springfox-swagger-common/2.9.2/springfox-swagger-common-2.9.2.jar:/Users/firzhan/.m2/repository/io/springfox/springfox-spring-web/2.9.2/springfox-spring-web-2.9.2.jar:/Users/firzhan/.m2/repository/com/google/guava/guava/20.0/guava-20.0.jar:/Users/firzhan/.m2/repository/com/fasterxml/classmate/1.5.1/classmate-1.5.1.jar:/Users/firzhan/.m2/repository/org/springframework/plugin/spring-plugin-core/1.2.0.RELEASE/spring-plugin-core-1.2.0.RELEASE.jar:/Users/firzhan/.m2/repository/org/springframework/plugin/spring-plugin-metadata/1.2.0.RELEASE/spring-plugin-metadata-1.2.0.RELEASE.jar:/Users/firzhan/.m2/repository/org/mapstruct/mapstruct/1.2.0.Final/mapstruct-1.2.0.Final.jar:/Users/firzhan/.m2/repository/io/springfox/springfox-swagger-ui/2.9.2/springfox-swagger-ui-2.9.2.jar:/Users/firzhan/.m2/repository/org/apache/maven/plugins/maven-failsafe-plugin/2.22.1/maven-failsafe-plugin-2.22.1.jar:/Users/firzhan/.m2/repository/org/apache/maven/surefire/maven-surefire-common/2.22.1/maven-surefire-common-2.22.1.jar:/Users/firzhan/.m2/repository/org/apache/maven/maven-plugin-api/2.2.1/maven-plugin-api-2.2.1.jar:/Users/firzhan/.m2/repository/org/apache/maven/plugin-tools/maven-plugin-annotations/3.5.2/maven-plugin-annotations-3.5.2.jar:/Users/firzhan/.m2/repository/org/apache/maven/surefire/surefire-api/2.22.1/surefire-api-2.22.1.jar:/Users/firzhan/.m2/repository/org/apache/maven/surefire/surefire-logger-api/2.22.1/surefire-logger-api-2.22.1.jar:/Users/firzhan/.m2/repository/org/apache/maven/surefire/surefire-booter/2.22.1/surefire-booter-2.22.1.jar:/Users/firzhan/.m2/repository/org/apache/maven/maven-artifact/2.2.1/maven-artifact-2.2.1.jar:/Users/firzhan/.m2/repository/org/codehaus/plexus/plexus-utils/1.5.15/plexus-utils-1.5.15.jar:/Users/firzhan/.m2/repository/org/apache/maven/maven-plugin-descriptor/2.2.1/maven-plugin-descriptor-2.2.1.jar:/Users/firzhan/.m2/repository/org/codehaus/plexus/plexus-container-default/1.0-alpha-9-stable-1/plexus-container-default-1.0-alpha-9-stable-1.jar:/Users/firzhan/.m2/repository/org/apache/maven/maven-project/2.2.1/maven-project-2.2.1.jar:/Users/firzhan/.m2/repository/org/apache/maven/maven-settings/2.2.1/maven-settings-2.2.1.jar:/Users/firzhan/.m2/repository/org/apache/maven/maven-profile/2.2.1/maven-profile-2.2.1.jar:/Users/firzhan/.m2/repository/org/apache/maven/maven-artifact-manager/2.2.1/maven-artifact-manager-2.2.1.jar:/Users/firzhan/.m2/repository/backport-util-concurrent/backport-util-concurrent/3.1/backport-util-concurrent-3.1.jar:/Users/firzhan/.m2/repository/org/apache/maven/maven-plugin-registry/2.2.1/maven-plugin-registry-2.2.1.jar:/Users/firzhan/.m2/repository/org/codehaus/plexus/plexus-interpolation/1.11/plexus-interpolation-1.11.jar:/Users/firzhan/.m2/repository/org/apache/maven/maven-model/2.2.1/maven-model-2.2.1.jar:/Users/firzhan/.m2/repository/org/apache/maven/maven-core/2.2.1/maven-core-2.2.1.jar:/Users/firzhan/.m2/repository/org/apache/maven/maven-plugin-parameter-documenter/2.2.1/maven-plugin-parameter-documenter-2.2.1.jar:/Users/firzhan/.m2/repository/org/apache/maven/wagon/wagon-http/1.0-beta-6/wagon-http-1.0-beta-6.jar:/Users/firzhan/.m2/repository/org/apache/maven/wagon/wagon-http-shared/1.0-beta-6/wagon-http-shared-1.0-beta-6.jar:/Users/firzhan/.m2/repository/nekohtml/xercesMinimal/1.9.6.2/xercesMinimal-1.9.6.2.jar:/Users/firzhan/.m2/repository/nekohtml/nekohtml/1.9.6.2/nekohtml-1.9.6.2.jar:/Users/firzhan/.m2/repository/commons-httpclient/commons-httpclient/3.1/commons-httpclient-3.1.jar:/Users/firzhan/.m2/repository/org/apache/maven/wagon/wagon-webdav-jackrabbit/1.0-beta-6/wagon-webdav-jackrabbit-1.0-beta-6.jar:/Users/firzhan/.m2/repository/org/apache/jackrabbit/jackrabbit-webdav/1.5.0/jackrabbit-webdav-1.5.0.jar:/Users/firzhan/.m2/repository/org/apache/jackrabbit/jackrabbit-jcr-commons/1.5.0/jackrabbit-jcr-commons-1.5.0.jar:/Users/firzhan/.m2/repository/org/slf4j/slf4j-nop/1.7.29/slf4j-nop-1.7.29.jar:/Users/firzhan/.m2/repository/org/slf4j/slf4j-jdk14/1.7.29/slf4j-jdk14-1.7.29.jar:/Users/firzhan/.m2/repository/org/slf4j/jcl-over-slf4j/1.7.29/jcl-over-slf4j-1.7.29.jar:/Users/firzhan/.m2/repository/org/apache/maven/reporting/maven-reporting-api/2.2.1/maven-reporting-api-2.2.1.jar:/Users/firzhan/.m2/repository/org/apache/maven/doxia/doxia-logging-api/1.1/doxia-logging-api-1.1.jar:/Users/firzhan/.m2/repository/org/apache/maven/wagon/wagon-provider-api/1.0-beta-6/wagon-provider-api-1.0-beta-6.jar:/Users/firzhan/.m2/repository/org/apache/maven/maven-repository-metadata/2.2.1/maven-repository-metadata-2.2.1.jar:/Users/firzhan/.m2/repository/org/apache/maven/maven-error-diagnostics/2.2.1/maven-error-diagnostics-2.2.1.jar:/Users/firzhan/.m2/repository/org/apache/maven/maven-monitor/2.2.1/maven-monitor-2.2.1.jar:/Users/firzhan/.m2/repository/classworlds/classworlds/1.1/classworlds-1.1.jar:/Users/firzhan/.m2/repository/org/sonatype/plexus/plexus-sec-dispatcher/1.3/plexus-sec-dispatcher-1.3.jar:/Users/firzhan/.m2/repository/org/sonatype/plexus/plexus-cipher/1.4/plexus-cipher-1.4.jar:/Users/firzhan/.m2/repository/org/apache/maven/maven-toolchain/2.2.1/maven-toolchain-2.2.1.jar:/Users/firzhan/.m2/repository/org/codehaus/plexus/plexus-java/0.9.10/plexus-java-0.9.10.jar:/Users/firzhan/.m2/repository/org/ow2/asm/asm/6.2/asm-6.2.jar:/Users/firzhan/.m2/repository/com/thoughtworks/qdox/qdox/2.0-M8/qdox-2.0-M8.jar:/Users/firzhan/.m2/repository/org/junit/jupiter/junit-jupiter-api/5.2.0/junit-jupiter-api-5.2.0.jar:/Users/firzhan/.m2/repository/org/apiguardian/apiguardian-api/1.0.0/apiguardian-api-1.0.0.jar:/Users/firzhan/.m2/repository/org/opentest4j/opentest4j/1.1.0/opentest4j-1.1.0.jar:/Users/firzhan/.m2/repository/org/junit/platform/junit-platform-commons/1.5.2/junit-platform-commons-1.5.2.jar:/Users/firzhan/.m2/repository/org/junit/jupiter/junit-jupiter-engine/5.2.0/junit-jupiter-engine-5.2.0.jar:/Users/firzhan/.m2/repository/org/junit/platform/junit-platform-engine/1.5.2/junit-platform-engine-1.5.2.jar:"/>
    <property name="sun.cpu.endian" value="little"/>
    <property name="user.home" value="/Users/firzhan"/>
    <property name="user.language" value="en"/>
    <property name="java.specification.vendor" value="Oracle Corporation"/>
    <property name="java.home" value="/Library/Java/JavaVirtualMachines/jdk1.8.0_74.jdk/Contents/Home/jre"/>
    <property name="basedir" value="/Users/firzhan/Personal/Firzhan/interviews/spring-boot/email-services"/>
    <property name="file.separator" value="/"/>
    <property name="line.separator" value="&#10;"/>
    <property name="java.vm.specification.vendor" value="Oracle Corporation"/>
    <property name="java.specification.name" value="Java Platform API Specification"/>
    <property name="java.awt.graphicsenv" value="sun.awt.CGraphicsEnvironment"/>
    <property name="surefire.real.class.path" value="/Users/firzhan/Personal/Firzhan/interviews/spring-boot/email-services/target/surefire/surefirebooter4096540772149082871.jar"/>
    <property name="sun.boot.class.path" value="/Library/Java/JavaVirtualMachines/jdk1.8.0_74.jdk/Contents/Home/jre/lib/resources.jar:/Library/Java/JavaVirtualMachines/jdk1.8.0_74.jdk/Contents/Home/jre/lib/rt.jar:/Library/Java/JavaVirtualMachines/jdk1.8.0_74.jdk/Contents/Home/jre/lib/sunrsasign.jar:/Library/Java/JavaVirtualMachines/jdk1.8.0_74.jdk/Contents/Home/jre/lib/jsse.jar:/Library/Java/JavaVirtualMachines/jdk1.8.0_74.jdk/Contents/Home/jre/lib/jce.jar:/Library/Java/JavaVirtualMachines/jdk1.8.0_74.jdk/Contents/Home/jre/lib/charsets.jar:/Library/Java/JavaVirtualMachines/jdk1.8.0_74.jdk/Contents/Home/jre/lib/jfr.jar:/Library/Java/JavaVirtualMachines/jdk1.8.0_74.jdk/Contents/Home/jre/classes"/>
    <property name="sun.management.compiler" value="HotSpot 64-Bit Tiered Compilers"/>
    <property name="ftp.nonProxyHosts" value="local|*.local|169.254/16|*.169.254/16"/>
    <property name="java.runtime.version" value="1.8.0_74-b02"/>
    <property name="user.name" value="firzhan"/>
    <property name="path.separator" value=":"/>
    <property name="os.version" value="10.15.1"/>
    <property name="java.endorsed.dirs" value="/Library/Java/JavaVirtualMachines/jdk1.8.0_74.jdk/Contents/Home/jre/lib/endorsed"/>
    <property name="java.runtime.name" value="Java(TM) SE Runtime Environment"/>
    <property name="file.encoding" value="UTF-8"/>
    <property name="java.vm.name" value="Java HotSpot(TM) 64-Bit Server VM"/>
    <property name="localRepository" value="/Users/firzhan/.m2/repository"/>
    <property name="java.vendor.url.bug" value="http://bugreport.sun.com/bugreport/"/>
    <property name="java.io.tmpdir" value="/var/folders/bp/f8bn51j968lbrjx2x9zvxgr00000gp/T/"/>
    <property name="java.version" value="1.8.0_74"/>
    <property name="user.dir" value="/Users/firzhan/Personal/Firzhan/interviews/spring-boot/email-services"/>
    <property name="os.arch" value="x86_64"/>
    <property name="java.vm.specification.name" value="Java Virtual Machine Specification"/>
    <property name="java.awt.printerjob" value="sun.lwawt.macosx.CPrinterJob"/>
    <property name="sun.os.patch.level" value="unknown"/>
    <property name="java.library.path" value="/Users/firzhan/Library/Java/Extensions:/Library/Java/Extensions:/Network/Library/Java/Extensions:/System/Library/Java/Extensions:/usr/lib/java:."/>
    <property name="java.vm.info" value="mixed mode"/>
    <property name="java.vendor" value="Oracle Corporation"/>
    <property name="java.vm.version" value="25.74-b02"/>
    <property name="java.ext.dirs" value="/Users/firzhan/Library/Java/Extensions:/Library/Java/JavaVirtualMachines/jdk1.8.0_74.jdk/Contents/Home/jre/lib/ext:/Library/Java/Extensions:/Network/Library/Java/Extensions:/System/Library/Java/Extensions:/usr/lib/java"/>
    <property name="sun.io.unicode.encoding" value="UnicodeBig"/>
    <property name="java.class.version" value="52.0"/>
    <property name="socksNonProxyHosts" value="local|*.local|169.254/16|*.169.254/16"/>
  </properties>
  <testcase name="GivenValidEmail_WhenValidated_ThenIsValid" classname="com.siteminder.email.utils.EmailValidatorTest" time="0.003"/>
  <testcase name="GivenEmptyEmail_WhenValidated_ThenIsInvalid" classname="com.siteminder.email.utils.EmailValidatorTest" time="0"/>
  <testcase name="GivenNullEmail_WhenValidated_ThenIsInvalid" classname="com.siteminder.email.utils.EmailValidatorTest" time="0.001"/>
  <testcase name="GivenInvalidEmails_WhenValidated_ThenAreInvalid" classname="com.siteminder.email.utils.EmailValidatorTest" time="0.001"/>
</testsuite>